<?xml version="1.0" encoding="UTF-8"?>
<testng-results skipped="0" failed="0" ignored="0" total="1" passed="1">
  <reporter-output>
  </reporter-output>
  <suite name="Default suite" duration-ms="171660" started-at="2021-02-05T12:19:20 IST" finished-at="2021-02-05T12:22:11 IST">
    <groups>
    </groups>
    <test name="Default test" duration-ms="171660" started-at="2021-02-05T12:19:20 IST" finished-at="2021-02-05T12:22:11 IST">
      <class name="practise.AppiumFramework.Stockapp4">
        <test-method status="PASS" signature="StockValidation()[pri:0, instance:practise.AppiumFramework.Stockapp4@e720b71]" name="StockValidation" duration-ms="171595" started-at="2021-02-05T12:19:20 IST" finished-at="2021-02-05T12:22:11 IST">
          <reporter-output>
          </reporter-output>
        </test-method> <!-- StockValidation -->
      </class> <!-- practise.AppiumFramework.Stockapp4 -->
    </test> <!-- Default test -->
  </suite> <!-- Default suite -->
</testng-results>
